 Network fastapi_websocket_appnet  Creating
 Network fastapi_websocket_appnet  Created
 Container eboardtb_upcom2  Creating
 Container eboardfr_upcom1  Creating
 Container eboardtb_hnx7  Creating
 Container eboardtb_upcom3  Creating
 Container eboardtb_hose5  Creating
 Container indices2  Creating
 Container eboardtb_hose4  Creating
 Container eboardfr_hnx2  Creating
 Container eboardfr_hnx6  Creating
 Container eboardfr_upcom2  Creating
 Container indices5  Creating
 Container eboardtb_hnx6  Creating
 Container eboardfr_hose7  Creating
 Container eboardfr_hose5  Creating
 Container eboardtb_cw  Creating
 Container eboardtb_hose9  Creating
 Container eboardtb_derivatives  Creating
 Container eboardtb_hose10  Creating
 Container eboardfr_hnx3  Creating
 Container eboardfr_hose1  Creating
 Container eboardfr_hose3  Creating
 Container eboardfr_hnxbond  Creating
 Container eboardfr_hose6  Creating
 Container eboardfr_hnx1  Creating
 Container eboardfr_upcom3  Creating
 Container eboardfr_hose8  Creating
 Container eboardfr_etfhose  Creating
 Container indices1  Creating
 Container indices3  Creating
 Container indices4  Creating
 Container eboardtb_hnxbond  Creating
 Container eboardtb_hose2  Creating
 Container eboardtb_hnx8  Creating
 Container eboardfr_hose2  Creating
 Container eboardtb_hnx1  Creating
 Container alert_function  Creating
 Container eboardtb_upcom4  Creating
 Container eboardtb_hnx5  Creating
 Container eboardfr_hnx5  Creating
 Container eboardfr_hnx8  Creating
 Container eboardfr_upcom4  Creating
 Container eboardfr_hnx4  Creating
 Container eboardtb_hnx2  Creating
 Container eboardfr_hnx7  Creating
 Container eboardtb_upcom1  Creating
 Container eboardtb_hose1  Creating
 Container eboardtb_hose3  Creating
 Container eboardtb_etfhose  Creating
 Container eboardtb_hnx3  Creating
 Container eboardtb_hose8  Creating
 Container eboardfr_hose10  Creating
 Container eboardfr_hose4  Creating
 Container eboardfr_derivatives  Creating
 Container eboardtb_hose7  Creating
 Container eboardtb_hnx4  Creating
 Container eboardfr_cw  Creating
 Container eboardfr_hose9  Creating
 Container eboardtb_hose6  Creating
 Container eboardfr_upcom3  Created
 Container eboardfr_hnx1  Created
 Container eboardtb_hose9  Created
 Container eboardfr_hnx2  Created
 Container eboardfr_hnx7  Created
 Container eboardfr_hose5  Created
 Container eboardfr_derivatives  Created
 Container eboardtb_hnxbond  Created
 Container eboardtb_hnx7  Created
 Container eboardtb_hnx1  Created
 Container eboardfr_hnx4  Created
 Container eboardtb_derivatives  Created
 Container eboardfr_hnx5  Created
 Container eboardfr_upcom2  Created
 Container eboardtb_hose6  Created
 Container eboardfr_hnx3  Created
 Container eboardtb_hose8  Created
 Container indices1  Created
 Container alert_function  Created
 Container eboardtb_hnx2  Created
 Container eboardfr_hose2  Created
 Container eboardtb_hose5  Created
 Container eboardfr_hose7  Created
 Container eboardfr_hnx6  Created
 Container eboardtb_hnx8  Created
 Container eboardfr_etfhose  Created
 Container eboardfr_hose9  Created
 Container eboardtb_hose3  Created
 Container eboardtb_hose10  Created
 Container indices5  Created
 Container eboardtb_hose4  Created
 Container eboardtb_upcom3  Created
 Container eboardfr_hose6  Created
 Container eboardtb_upcom2  Created
 Container indices3  Created
 Container eboardtb_hnx6  Created
 Container eboardfr_hose4  Created
 Container eboardfr_hose8  Created
 Container eboardtb_upcom1  Created
 Container eboardtb_hose2  Created
 Container eboardfr_upcom4  Created
 Container eboardfr_cw  Created
 Container eboardtb_upcom4  Created
 Container eboardtb_hnx4  Created
 Container eboardtb_hose1  Created
 Container eboardfr_hnx8  Created
 Container eboardtb_etfhose  Created
 Container indices2  Created
 Container eboardfr_hose10  Created
 Container eboardfr_hose3  Created
 Container eboardtb_hose7  Created
 Container eboardfr_hnxbond  Created
 Container eboardfr_upcom1  Created
 Container eboardtb_hnx3  Created
 Container eboardfr_hose1  Created
 Container eboardtb_hnx5  Created
 Container indices4  Created
 Container eboardtb_cw  Created
 Container eboardfr_derivatives  Starting
 Container eboardfr_hose4  Starting
 Container eboardfr_hose3  Starting
 Container eboardfr_hnx7  Starting
 Container indices5  Starting
 Container eboardfr_hnx4  Starting
 Container indices4  Starting
 Container eboardfr_hose1  Starting
 Container eboardfr_hnx5  Starting
 Container eboardtb_upcom4  Starting
 Container eboardfr_cw  Starting
 Container eboardfr_upcom1  Starting
 Container eboardfr_hose6  Starting
 Container eboardtb_hnx5  Starting
 Container eboardtb_hose4  Starting
 Container eboardtb_hose3  Starting
 Container eboardfr_hose10  Starting
 Container eboardfr_hose9  Starting
 Container eboardtb_upcom3  Starting
 Container eboardfr_etfhose  Starting
 Container eboardtb_upcom1  Starting
 Container eboardtb_hnx7  Starting
 Container eboardtb_hose8  Starting
 Container eboardtb_hnx8  Starting
 Container eboardfr_hose5  Starting
 Container eboardfr_hose7  Starting
 Container indices2  Starting
 Container eboardtb_hose7  Starting
 Container indices1  Starting
 Container indices3  Starting
 Container eboardtb_hnx2  Starting
 Container eboardfr_hnx3  Starting
 Container eboardtb_hose10  Starting
 Container eboardtb_hose5  Starting
 Container eboardfr_hnx8  Starting
 Container eboardtb_derivatives  Starting
 Container eboardtb_hnxbond  Starting
 Container eboardfr_hnx6  Starting
 Container eboardtb_hose9  Starting
 Container eboardfr_upcom3  Starting
 Container eboardfr_hnx2  Starting
 Container eboardtb_cw  Starting
 Container eboardfr_hnx1  Starting
 Container eboardfr_hose2  Starting
 Container eboardtb_hnx1  Starting
 Container eboardtb_etfhose  Starting
 Container eboardtb_hose2  Starting
 Container eboardtb_hnx6  Starting
 Container eboardtb_upcom2  Starting
 Container eboardtb_hnx4  Starting
 Container eboardfr_upcom2  Starting
 Container eboardfr_hnxbond  Starting
 Container eboardtb_hose6  Starting
 Container alert_function  Starting
 Container eboardfr_hose8  Starting
 Container eboardtb_hose1  Starting
 Container eboardtb_hnx3  Starting
 Container eboardfr_upcom4  Starting
 Container eboardtb_hnx5  Started
 Container eboardfr_hnx5  Started
 Container eboardfr_hose10  Started
 Container eboardfr_derivatives  Started
 Container eboardfr_hose1  Started
 Container eboardtb_upcom4  Started
 Container eboardfr_hose4  Started
 Container eboardtb_etfhose  Started
 Container indices4  Started
 Container indices5  Started
 Container eboardtb_hose8  Started
 Container eboardfr_hose2  Started
 Container eboardfr_hnx3  Started
 Container indices2  Started
 Container eboardtb_hose9  Started
 Container eboardtb_hose3  Started
 Container eboardtb_hose5  Started
 Container eboardtb_upcom2  Started
 Container eboardfr_hose9  Started
 Container eboardtb_cw  Started
 Container eboardfr_cw  Started
 Container eboardtb_hose1  Started
 Container eboardtb_hnx8  Started
 Container eboardtb_upcom3  Started
 Container eboardtb_hnx4  Started
 Container eboardtb_hose4  Started
 Container eboardfr_etfhose  Started
 Container eboardtb_upcom1  Started
 Container indices3  Started
 Container eboardfr_hose8  Started
 Container eboardtb_hnx6  Started
 Container eboardtb_derivatives  Started
 Container eboardfr_upcom4  Started
 Container eboardtb_hnx2  Started
 Container eboardfr_hnx2  Started
 Container eboardtb_hose2  Started
 Container eboardfr_hnx1  Started
 Container eboardfr_upcom2  Started
 Container eboardfr_hose3  Started
 Container eboardtb_hose6  Started
 Container eboardtb_hose10  Started
 Container eboardtb_hnx7  Started
 Container eboardfr_hose7  Started
 Container eboardfr_upcom3  Started
 Container eboardtb_hnxbond  Started
 Container eboardtb_hnx3  Started
 Container eboardfr_hnx6  Started
 Container alert_function  Started
 Container indices1  Started
 Container eboardfr_hnx7  Started
 Container eboardfr_upcom1  Started
 Container eboardfr_hose5  Started
 Container eboardfr_hose6  Started
 Container eboardfr_hnx8  Started
 Container eboardfr_hnx4  Started
 Container eboardtb_hnx1  Started
 Container eboardtb_hose7  Started
 Container eboardfr_hnxbond  Started
