 Container eboardtb_hose7  Stopping
 Container indices2  Stopping
 Container eboardfr_hnx6  Stopping
 Container eboardtb_hose9  Stopping
 Container indices5  Stopping
 Container eboardtb_hose4  Stopping
 Container eboardfr_hose6  Stopping
 Container eboardtb_hose2  Stopping
 Container eboardfr_hnx1  Stopping
 Container eboardfr_etfhose  Stopping
 Container eboardtb_hnx4  Stopping
 Container eboardfr_hnx2  Stopping
 Container eboardtb_hnx5  Stopping
 Container indices1  Stopping
 Container eboardfr_upcom2  Stopping
 Container eboardtb_hnx3  Stopping
 Container eboardfr_hose9  Stopping
 Container eboardtb_derivatives  Stopping
 Container eboardfr_upcom4  Stopping
 Container eboardtb_hnx7  Stopping
 Container eboardtb_hose3  Stopping
 Container eboardfr_hose4  Stopping
 Container eboardfr_hose5  Stopping
 Container eboardfr_upcom1  Stopping
 Container eboardfr_hose8  Stopping
 Container eboardfr_hnx8  Stopping
 Container eboardtb_hose10  Stopping
 Container eboardtb_etfhose  Stopping
 Container eboardtb_upcom4  Stopping
 Container eboardtb_upcom1  Stopping
 Container eboardfr_cw  Stopping
 Container alert_function  Stopping
 Container eboardfr_hnx5  Stopping
 Container eboardfr_upcom3  Stopping
 Container eboardtb_cw  Stopping
 Container eboardtb_hose6  Stopping
 Container eboardfr_hose1  Stopping
 Container eboardtb_hnx8  Stopping
 Container indices4  Stopping
 Container eboardtb_hnxbond  Stopping
 Container eboardfr_hose10  Stopping
 Container eboardfr_hnx7  Stopping
 Container eboardfr_hnx3  Stopping
 Container eboardfr_hnx4  Stopping
 Container eboardfr_derivatives  Stopping
 Container eboardtb_hnx1  Stopping
 Container eboardfr_hose3  Stopping
 Container eboardtb_hnx6  Stopping
 Container eboardtb_upcom2  Stopping
 Container eboardfr_hose2  Stopping
 Container eboardtb_upcom3  Stopping
 Container eboardfr_hose7  Stopping
 Container eboardfr_hnxbond  Stopping
 Container indices3  Stopping
 Container eboardtb_hnx2  Stopping
 Container eboardtb_hose5  Stopping
 Container eboardtb_hose1  Stopping
 Container eboardtb_hose8  Stopping
 Container eboardfr_hose4  Stopped
 Container eboardfr_hose4  Removing
 Container eboardfr_hose4  Removed
 Container eboardfr_upcom3  Stopped
 Container eboardfr_upcom3  Removing
 Container eboardfr_upcom3  Removed
 Container eboardtb_hnxbond  Stopped
 Container eboardtb_hnxbond  Removing
 Container eboardtb_hnxbond  Removed
 Container indices5  Stopped
 Container indices5  Removing
 Container indices5  Removed
 Container eboardfr_hnx6  Stopped
 Container eboardfr_hnx6  Removing
 Container eboardfr_hnx6  Removed
 Container eboardtb_hose8  Stopped
 Container eboardtb_hose8  Removing
 Container eboardtb_hose8  Removed
 Container eboardfr_hnx2  Stopped
 Container eboardfr_hnx2  Removing
 Container eboardfr_hnx2  Removed
 Container eboardfr_hnxbond  Stopped
 Container eboardfr_hnxbond  Removing
 Container eboardfr_hnxbond  Removed
 Container eboardfr_hose5  Stopped
 Container eboardfr_hose5  Removing
 Container eboardfr_hose5  Removed
 Container eboardtb_upcom3  Stopped
 Container eboardtb_upcom3  Removing
 Container eboardtb_upcom3  Removed
 Container eboardtb_upcom4  Stopped
 Container eboardtb_upcom4  Removing
 Container eboardtb_upcom4  Removed
 Container eboardfr_upcom4  Stopped
 Container eboardfr_upcom4  Removing
 Container eboardfr_upcom4  Removed
 Container eboardfr_upcom2  Stopped
 Container eboardfr_upcom2  Removing
 Container eboardfr_upcom2  Removed
 Container eboardfr_derivatives  Stopped
 Container eboardfr_derivatives  Removing
 Container eboardfr_derivatives  Removed
 Container eboardfr_hose3  Stopped
 Container eboardfr_hose3  Removing
 Container eboardfr_hose3  Removed
 Container eboardfr_cw  Stopped
 Container eboardfr_cw  Removing
 Container eboardfr_cw  Removed
 Container eboardfr_hnx8  Stopped
 Container eboardfr_hnx8  Removing
 Container eboardfr_hnx8  Removed
 Container eboardfr_hnx5  Stopped
 Container eboardfr_hnx5  Removing
 Container eboardfr_hnx5  Removed
 Container eboardfr_etfhose  Stopped
 Container eboardfr_etfhose  Removing
 Container eboardfr_etfhose  Removed
 Container eboardfr_hnx3  Stopped
 Container eboardfr_hnx3  Removing
 Container eboardfr_hnx3  Removed
 Container eboardtb_hnx4  Stopped
 Container eboardtb_hnx4  Removing
 Container eboardtb_hnx4  Removed
 Container eboardfr_hose6  Stopped
 Container eboardfr_hose6  Removing
 Container eboardfr_hose6  Removed
 Container eboardtb_cw  Stopped
 Container eboardtb_cw  Removing
 Container eboardtb_cw  Removed
 Container eboardtb_derivatives  Stopped
 Container eboardtb_derivatives  Removing
 Container eboardtb_derivatives  Removed
 Container indices2  Stopped
 Container indices2  Removing
 Container indices2  Removed
 Container eboardtb_hose10  Stopped
 Container eboardtb_hose10  Removing
 Container eboardtb_hose10  Removed
 Container eboardfr_hose7  Stopped
 Container eboardfr_hose7  Removing
 Container eboardfr_hose7  Removed
 Container indices3  Stopped
 Container indices3  Removing
 Container indices3  Removed
 Container eboardfr_hose1  Stopped
 Container eboardfr_hose1  Removing
 Container eboardfr_hose1  Removed
 Container eboardtb_hnx7  Stopped
 Container eboardtb_hnx7  Removing
 Container eboardtb_hnx7  Removed
 Container eboardtb_hose6  Stopped
 Container eboardtb_hose6  Removing
 Container eboardtb_hose6  Removed
 Container eboardfr_hnx1  Stopped
 Container eboardfr_hnx1  Removing
 Container eboardfr_hnx1  Removed
 Container eboardtb_hose7  Stopped
 Container eboardtb_hose7  Removing
 Container eboardtb_hose7  Removed
 Container eboardfr_hose9  Stopped
 Container eboardfr_hose9  Removing
 Container eboardfr_hose9  Removed
 Container eboardtb_etfhose  Stopped
 Container eboardtb_etfhose  Removing
 Container eboardtb_etfhose  Removed
 Container eboardfr_upcom1  Stopped
 Container eboardfr_upcom1  Removing
 Container eboardfr_upcom1  Removed
 Container eboardfr_hose10  Stopped
 Container eboardfr_hose10  Removing
 Container eboardfr_hose10  Removed
 Container indices1  Stopped
 Container indices1  Removing
 Container indices1  Removed
 Container eboardfr_hnx4  Stopped
 Container eboardfr_hnx4  Removing
 Container eboardfr_hnx4  Removed
 Container eboardfr_hnx7  Stopped
 Container eboardfr_hnx7  Removing
 Container eboardfr_hnx7  Removed
 Container eboardtb_hose3  Stopped
 Container eboardtb_hose3  Removing
 Container eboardtb_hose3  Removed
 Container eboardtb_hnx1  Stopped
 Container eboardtb_hnx1  Removing
 Container eboardtb_hnx1  Removed
 Container eboardtb_hose4  Stopped
 Container eboardtb_hose4  Removing
 Container eboardtb_hose4  Removed
 Container eboardtb_upcom2  Stopped
 Container eboardtb_upcom2  Removing
 Container eboardtb_upcom2  Removed
 Container eboardtb_hose9  Stopped
 Container eboardtb_hose9  Removing
 Container eboardtb_hose9  Removed
 Container eboardfr_hose8  Stopped
 Container eboardfr_hose8  Removing
 Container eboardfr_hose8  Removed
 Container eboardtb_hose1  Stopped
 Container eboardtb_hose1  Removing
 Container eboardtb_hose1  Removed
 Container eboardtb_hose2  Stopped
 Container eboardtb_hose2  Removing
 Container eboardtb_hose2  Removed
 Container eboardtb_hnx2  Stopped
 Container eboardtb_hnx2  Removing
 Container eboardtb_hnx2  Removed
 Container eboardfr_hose2  Stopped
 Container eboardfr_hose2  Removing
 Container eboardfr_hose2  Removed
 Container eboardtb_hose5  Stopped
 Container eboardtb_hose5  Removing
 Container eboardtb_hose5  Removed
 Container eboardtb_hnx5  Stopped
 Container eboardtb_hnx5  Removing
 Container eboardtb_hnx5  Removed
 Container indices4  Stopped
 Container indices4  Removing
 Container indices4  Removed
 Container eboardtb_hnx8  Stopped
 Container eboardtb_hnx8  Removing
 Container eboardtb_hnx8  Removed
 Container eboardtb_hnx6  Stopped
 Container eboardtb_hnx6  Removing
 Container eboardtb_hnx6  Removed
 Container eboardtb_upcom1  Stopped
 Container eboardtb_upcom1  Removing
 Container eboardtb_upcom1  Removed
 Container eboardtb_hnx3  Stopped
 Container eboardtb_hnx3  Removing
 Container eboardtb_hnx3  Removed
 Container alert_function  Stopped
 Container alert_function  Removing
 Container alert_function  Removed
 Network fastapi_websocket_appnet  Removing
 Network fastapi_websocket_appnet  Removed
 Container indices3  Stopping
 Container eboardtb_etfhose  Stopping
 Container eboardfr_hose5  Stopping
 Container eboardfr_etfhose  Stopping
 Container eboardtb_hose3  Stopping
 Container indices1  Stopping
 Container indices5  Stopping
 Container eboardtb_hnxbond  Stopping
 Container eboardtb_upcom3  Stopping
 Container eboardtb_cw  Stopping
 Container eboardtb_upcom4  Stopping
 Container eboardfr_upcom2  Stopping
 Container eboardfr_hnx7  Stopping
 Container eboardfr_hose7  Stopping
 Container eboardtb_hnx2  Stopping
 Container eboardfr_derivatives  Stopping
 Container eboardfr_hnx5  Stopping
 Container eboardtb_hnx7  Stopping
 Container eboardtb_hose1  Stopping
 Container eboardfr_hnx4  Stopping
 Container eboardfr_hnx8  Stopping
 Container eboardtb_derivatives  Stopping
 Container eboardtb_hose5  Stopping
 Container eboardfr_hnxbond  Stopping
 Container eboardfr_hose4  Stopping
 Container eboardfr_hnx6  Stopping
 Container eboardfr_hose10  Stopping
 Container eboardtb_hose10  Stopping
 Container eboardtb_hose2  Stopping
 Container eboardfr_hose3  Stopping
 Container eboardtb_hnx1  Stopping
 Container eboardtb_hose9  Stopping
 Container eboardfr_hose1  Stopping
 Container eboardfr_hose6  Stopping
 Container eboardfr_hnx3  Stopping
 Container alert_function  Stopping
 Container eboardfr_upcom1  Stopping
 Container eboardtb_hose4  Stopping
 Container eboardtb_upcom2  Stopping
 Container eboardtb_hnx8  Stopping
 Container eboardfr_cw  Stopping
 Container eboardfr_hose8  Stopping
 Container eboardtb_hnx3  Stopping
 Container eboardfr_hnx2  Stopping
 Container eboardtb_hnx4  Stopping
 Container eboardtb_hose7  Stopping
 Container eboardfr_upcom4  Stopping
 Container indices2  Stopping
 Container eboardtb_upcom1  Stopping
 Container eboardtb_hnx6  Stopping
 Container eboardtb_hose6  Stopping
 Container eboardtb_hnx5  Stopping
 Container eboardfr_hose2  Stopping
 Container eboardfr_hnx1  Stopping
 Container eboardfr_upcom3  Stopping
 Container indices4  Stopping
 Container eboardtb_hose8  Stopping
 Container eboardfr_hose9  Stopping
 Container eboardfr_hnxbond  Stopped
 Container eboardfr_hnxbond  Removing
 Container eboardfr_hnxbond  Removed
 Container eboardfr_hnx7  Stopped
 Container eboardfr_hnx7  Removing
 Container eboardfr_hnx7  Removed
 Container eboardfr_hose5  Stopped
 Container eboardfr_hose5  Removing
 Container eboardfr_hose5  Removed
 Container eboardfr_hose9  Stopped
 Container eboardfr_hose9  Removing
 Container eboardfr_hose9  Removed
 Container eboardfr_etfhose  Stopped
 Container eboardfr_etfhose  Removing
 Container eboardfr_etfhose  Removed
 Container indices4  Stopped
 Container indices4  Removing
 Container indices4  Removed
 Container eboardfr_hose3  Stopped
 Container eboardfr_hose3  Removing
 Container eboardfr_hose3  Removed
 Container eboardfr_hose8  Stopped
 Container eboardfr_hose8  Removing
 Container eboardfr_hose8  Removed
 Container eboardfr_derivatives  Stopped
 Container eboardfr_derivatives  Removing
 Container eboardfr_derivatives  Removed
 Container indices2  Stopped
 Container indices2  Removing
 Container indices2  Removed
 Container eboardtb_hose10  Stopped
 Container eboardtb_hose10  Removing
 Container eboardtb_hose10  Removed
 Container eboardfr_hose7  Stopped
 Container eboardfr_hose7  Removing
 Container eboardfr_hose7  Removed
 Container eboardfr_hnx8  Stopped
 Container eboardfr_hnx8  Removing
 Container eboardfr_hnx8  Removed
 Container eboardtb_upcom2  Stopped
 Container eboardtb_upcom2  Removing
 Container eboardtb_upcom2  Removed
 Container eboardtb_hose3  Stopped
 Container eboardtb_hose3  Removing
 Container eboardtb_hose3  Removed
 Container eboardtb_hose5  Stopped
 Container eboardtb_hose5  Removing
 Container eboardtb_hose5  Removed
 Container indices5  Stopped
 Container indices5  Removing
 Container indices5  Removed
 Container eboardfr_hose1  Stopped
 Container eboardfr_hose1  Removing
 Container eboardfr_hose1  Removed
 Container eboardfr_upcom3  Stopped
 Container eboardfr_upcom3  Removing
 Container eboardfr_upcom3  Removed
 Container eboardtb_hose9  Stopped
 Container eboardtb_hose9  Removing
 Container eboardtb_hose9  Removed
 Container eboardfr_hnx2  Stopped
 Container eboardfr_hnx2  Removing
 Container eboardfr_hnx2  Removed
 Container eboardfr_hnx3  Stopped
 Container eboardfr_hnx3  Removing
 Container eboardfr_hnx3  Removed
 Container eboardtb_upcom4  Stopped
 Container eboardtb_upcom4  Removing
 Container eboardtb_upcom4  Removed
 Container eboardfr_hnx6  Stopped
 Container eboardfr_hnx6  Removing
 Container eboardfr_hnx6  Removed
 Container eboardtb_hnx3  Stopped
 Container eboardtb_hnx3  Removing
 Container eboardtb_hnx3  Removed
 Container eboardtb_hose1  Stopped
 Container eboardtb_hose1  Removing
 Container eboardtb_hose1  Removed
 Container eboardtb_hnx1  Stopped
 Container eboardtb_hnx1  Removing
 Container eboardtb_hnx1  Removed
 Container eboardfr_hnx4  Stopped
 Container eboardfr_hnx4  Removing
 Container eboardfr_hnx4  Removed
 Container eboardtb_derivatives  Stopped
 Container eboardtb_derivatives  Removing
 Container eboardfr_upcom2  Stopped
 Container eboardfr_upcom2  Removing
 Container eboardtb_derivatives  Removed
 Container eboardfr_upcom2  Removed
 Container eboardfr_upcom4  Stopped
 Container eboardfr_upcom4  Removing
 Container eboardfr_upcom4  Removed
 Container indices1  Stopped
 Container indices1  Removing
 Container indices1  Removed
 Container eboardfr_hose6  Stopped
 Container eboardfr_hose6  Removing
 Container eboardfr_hose6  Removed
 Container eboardtb_hnx7  Stopped
 Container eboardtb_hnx7  Removing
 Container eboardtb_hnx7  Removed
 Container eboardtb_etfhose  Stopped
 Container eboardtb_etfhose  Removing
 Container eboardtb_etfhose  Removed
 Container eboardfr_hnx1  Stopped
 Container eboardfr_hnx1  Removing
 Container eboardfr_hnx1  Removed
 Container eboardfr_hose2  Stopped
 Container eboardfr_hose2  Removing
 Container eboardfr_hose2  Removed
 Container eboardtb_hnxbond  Stopped
 Container eboardtb_hnxbond  Removing
 Container eboardtb_hnxbond  Removed
 Container eboardfr_hose10  Stopped
 Container eboardfr_hose10  Removing
 Container eboardfr_hose10  Removed
 Container eboardtb_upcom3  Stopped
 Container eboardtb_upcom3  Removing
 Container eboardtb_upcom3  Removed
 Container eboardfr_upcom1  Stopped
 Container eboardfr_upcom1  Removing
 Container eboardfr_upcom1  Removed
 Container eboardfr_cw  Stopped
 Container eboardfr_cw  Removing
 Container eboardfr_cw  Removed
 Container eboardtb_hose4  Stopped
 Container eboardtb_hose4  Removing
 Container eboardtb_hose4  Removed
 Container eboardtb_hnx2  Stopped
 Container eboardtb_hnx2  Removing
 Container eboardtb_hnx2  Removed
 Container eboardtb_hnx6  Stopped
 Container eboardtb_hnx6  Removing
 Container eboardtb_hnx6  Removed
 Container eboardfr_hose4  Stopped
 Container eboardfr_hose4  Removing
 Container eboardfr_hose4  Removed
 Container indices3  Stopped
 Container indices3  Removing
 Container indices3  Removed
 Container eboardtb_hose7  Stopped
 Container eboardtb_hose7  Removing
 Container eboardtb_hose7  Removed
 Container eboardtb_hnx8  Stopped
 Container eboardtb_hnx8  Removing
 Container eboardtb_hnx8  Removed
 Container eboardtb_hose6  Stopped
 Container eboardtb_hose6  Removing
 Container eboardtb_hose6  Removed
 Container eboardtb_hnx5  Stopped
 Container eboardtb_hnx5  Removing
 Container eboardtb_hnx5  Removed
 Container eboardtb_cw  Stopped
 Container eboardtb_cw  Removing
 Container eboardtb_cw  Removed
 Container eboardtb_hnx4  Stopped
 Container eboardtb_hnx4  Removing
 Container eboardtb_hnx4  Removed
 Container eboardtb_hose8  Stopped
 Container eboardtb_hose8  Removing
 Container eboardtb_hose8  Removed
 Container eboardtb_upcom1  Stopped
 Container eboardtb_upcom1  Removing
 Container eboardtb_upcom1  Removed
 Container eboardfr_hnx5  Stopped
 Container eboardfr_hnx5  Removing
 Container eboardfr_hnx5  Removed
 Container eboardtb_hose2  Stopped
 Container eboardtb_hose2  Removing
 Container eboardtb_hose2  Removed
 Container alert_function  Stopped
 Container alert_function  Removing
 Container alert_function  Removed
 Network fastapi_websocket_appnet  Removing
 Network fastapi_websocket_appnet  Removed
 Container eboardtb_upcom4  Stopping
 Container indices3  Stopping
 Container eboardfr_hnx1  Stopping
 Container eboardtb_hnx3  Stopping
 Container eboardtb_hose3  Stopping
 Container eboardfr_hnx8  Stopping
 Container eboardfr_hose3  Stopping
 Container eboardtb_upcom2  Stopping
 Container indices4  Stopping
 Container eboardtb_hnx6  Stopping
 Container eboardtb_hose7  Stopping
 Container eboardfr_hnx4  Stopping
 Container eboardtb_hose10  Stopping
 Container eboardtb_upcom3  Stopping
 Container eboardtb_hose2  Stopping
 Container alert_function  Stopping
 Container eboardfr_hose4  Stopping
 Container eboardtb_hose6  Stopping
 Container eboardtb_hose1  Stopping
 Container eboardtb_etfhose  Stopping
 Container eboardfr_hose10  Stopping
 Container eboardfr_hose9  Stopping
 Container eboardfr_hnx2  Stopping
 Container eboardfr_upcom3  Stopping
 Container eboardfr_hose6  Stopping
 Container eboardtb_hnx5  Stopping
 Container eboardtb_cw  Stopping
 Container eboardtb_hnxbond  Stopping
 Container eboardfr_hnx7  Stopping
 Container eboardtb_hose8  Stopping
 Container eboardtb_hnx4  Stopping
 Container eboardtb_hnx8  Stopping
 Container eboardtb_hose9  Stopping
 Container eboardtb_derivatives  Stopping
 Container eboardtb_hose5  Stopping
 Container eboardfr_cw  Stopping
 Container indices2  Stopping
 Container eboardfr_hose2  Stopping
 Container eboardfr_upcom1  Stopping
 Container indices1  Stopping
 Container indices5  Stopping
 Container eboardfr_hose5  Stopping
 Container eboardfr_hose1  Stopping
 Container eboardfr_etfhose  Stopping
 Container eboardtb_upcom1  Stopping
 Container eboardtb_hnx7  Stopping
 Container eboardfr_upcom2  Stopping
 Container eboardfr_hose7  Stopping
 Container eboardfr_hnx5  Stopping
 Container eboardfr_upcom4  Stopping
 Container eboardfr_hnx6  Stopping
 Container eboardtb_hnx1  Stopping
 Container eboardfr_derivatives  Stopping
 Container eboardtb_hnx2  Stopping
 Container eboardfr_hnx3  Stopping
 Container eboardfr_hose8  Stopping
 Container eboardfr_hnxbond  Stopping
 Container eboardtb_hose4  Stopping
 Container eboardfr_hnx7  Stopped
 Container eboardfr_hnx7  Removing
 Container eboardfr_hnx7  Removed
 Container eboardfr_hnx2  Stopped
 Container eboardfr_hnx2  Removing
 Container eboardfr_hnx2  Removed
 Container eboardfr_hose10  Stopped
 Container eboardfr_hose10  Removing
 Container eboardfr_hose10  Removed
 Container eboardtb_cw  Stopped
 Container eboardtb_cw  Removing
 Container eboardtb_cw  Removed
 Container eboardfr_hnx3  Stopped
 Container eboardfr_hnx3  Removing
 Container eboardfr_hnx3  Removed
 Container indices2  Stopped
 Container indices2  Removing
 Container indices2  Removed
 Container eboardfr_hose1  Stopped
 Container eboardfr_hose1  Removing
 Container eboardfr_hose1  Removed
 Container eboardtb_hnx3  Stopped
 Container eboardtb_hnx3  Removing
 Container eboardtb_hnx3  Removed
 Container eboardtb_hose8  Stopped
 Container eboardtb_hose8  Removing
 Container eboardtb_hose8  Removed
 Container indices3  Stopped
 Container indices3  Removing
 Container indices3  Removed
 Container eboardfr_upcom1  Stopped
 Container eboardfr_upcom1  Removing
 Container eboardfr_upcom1  Removed
 Container indices5  Stopped
 Container indices5  Removing
 Container indices5  Removed
 Container eboardfr_hose4  Stopped
 Container eboardfr_hose4  Removing
 Container eboardfr_hose4  Removed
 Container eboardtb_upcom4  Stopped
 Container eboardtb_upcom4  Removing
 Container eboardtb_upcom4  Removed
 Container eboardfr_hose8  Stopped
 Container eboardfr_hose8  Removing
 Container eboardfr_hose8  Removed
 Container eboardtb_hose10  Stopped
 Container eboardtb_hose10  Removing
 Container eboardtb_hose10  Removed
 Container eboardfr_upcom3  Stopped
 Container eboardfr_upcom3  Removing
 Container eboardfr_upcom3  Removed
 Container eboardtb_etfhose  Stopped
 Container eboardtb_etfhose  Removing
 Container eboardtb_etfhose  Removed
 Container eboardfr_hose5  Stopped
 Container eboardfr_hose5  Removing
 Container eboardfr_hose5  Removed
 Container eboardfr_hnx1  Stopped
 Container eboardfr_hnx1  Removing
 Container eboardfr_hnx1  Removed
 Container eboardfr_hnx8  Stopped
 Container eboardfr_hnx8  Removing
 Container eboardfr_hnx8  Removed
 Container eboardtb_hose9  Stopped
 Container eboardtb_hose9  Removing
 Container eboardtb_hose9  Removed
 Container eboardfr_upcom4  Stopped
 Container eboardfr_upcom4  Removing
 Container eboardfr_upcom4  Removed
 Container eboardfr_hose2  Stopped
 Container eboardfr_hose2  Removing
 Container eboardfr_hose2  Removed
 Container eboardfr_cw  Stopped
 Container eboardfr_cw  Removing
 Container eboardtb_upcom2  Stopped
 Container eboardtb_upcom2  Removing
 Container eboardfr_cw  Removed
 Container eboardtb_upcom2  Removed
 Container eboardfr_hnx5  Stopped
 Container eboardfr_hnx5  Removing
 Container eboardfr_hnx5  Removed
 Container eboardtb_upcom1  Stopped
 Container eboardtb_upcom1  Removing
 Container eboardtb_upcom1  Removed
 Container eboardtb_hose3  Stopped
 Container eboardtb_hose3  Removing
 Container eboardtb_hose3  Removed
 Container eboardfr_hose7  Stopped
 Container eboardfr_hose7  Removing
 Container eboardfr_hose7  Removed
 Container eboardtb_hnx6  Stopped
 Container eboardtb_hnx6  Removing
 Container eboardtb_hnx6  Removed
 Container eboardtb_hnx8  Stopped
 Container eboardtb_hnx8  Removing
 Container eboardtb_hnx8  Removed
 Container eboardfr_hose9  Stopped
 Container eboardfr_hose9  Removing
 Container eboardfr_hose9  Removed
 Container eboardfr_hose3  Stopped
 Container eboardfr_hose3  Removing
 Container eboardfr_hose3  Removed
 Container eboardtb_hose2  Stopped
 Container eboardtb_hose2  Removing
 Container eboardtb_hose2  Removed
 Container eboardtb_hose5  Stopped
 Container eboardtb_hose5  Removing
 Container eboardtb_hose5  Removed
 Container eboardtb_derivatives  Stopped
 Container eboardtb_derivatives  Removing
 Container eboardtb_derivatives  Removed
 Container eboardtb_hnx7  Stopped
 Container eboardtb_hnx7  Removing
 Container eboardtb_hnx7  Removed
 Container eboardfr_hnx4  Stopped
 Container eboardfr_hnx4  Removing
 Container eboardfr_hnx4  Removed
 Container eboardtb_hnx5  Stopped
 Container eboardtb_hnx5  Removing
 Container eboardtb_hnx5  Removed
 Container eboardtb_hnx2  Stopped
 Container eboardtb_hnx2  Removing
 Container eboardtb_hnx2  Removed
 Container eboardtb_hnxbond  Stopped
 Container eboardtb_hnxbond  Removing
 Container eboardtb_hnxbond  Removed
 Container eboardfr_hose6  Stopped
 Container eboardfr_hose6  Removing
 Container eboardfr_hose6  Removed
 Container eboardfr_derivatives  Stopped
 Container eboardfr_derivatives  Removing
 Container eboardfr_derivatives  Removed
 Container eboardtb_hose4  Stopped
 Container eboardtb_hose4  Removing
 Container eboardtb_hose4  Removed
 Container eboardtb_hnx1  Stopped
 Container eboardtb_hnx1  Removing
 Container eboardtb_hnx1  Removed
 Container eboardfr_hnx6  Stopped
 Container eboardfr_hnx6  Removing
 Container eboardfr_hnx6  Removed
 Container eboardtb_hose1  Stopped
 Container eboardtb_hose1  Removing
 Container eboardtb_hose1  Removed
 Container eboardfr_etfhose  Stopped
 Container eboardfr_etfhose  Removing
 Container eboardfr_etfhose  Removed
 Container eboardtb_hose7  Stopped
 Container eboardtb_hose7  Removing
 Container eboardtb_hose7  Removed
 Container eboardtb_hnx4  Stopped
 Container eboardtb_hnx4  Removing
 Container eboardtb_hnx4  Removed
 Container eboardtb_hose6  Stopped
 Container eboardtb_hose6  Removing
 Container eboardtb_hose6  Removed
 Container eboardfr_upcom2  Stopped
 Container eboardfr_upcom2  Removing
 Container eboardfr_upcom2  Removed
 Container indices4  Stopped
 Container indices4  Removing
 Container indices4  Removed
 Container indices1  Stopped
 Container indices1  Removing
 Container indices1  Removed
 Container eboardtb_upcom3  Stopped
 Container eboardtb_upcom3  Removing
 Container eboardtb_upcom3  Removed
 Container eboardfr_hnxbond  Stopped
 Container eboardfr_hnxbond  Removing
 Container eboardfr_hnxbond  Removed
 Container alert_function  Stopped
 Container alert_function  Removing
 Container alert_function  Removed
 Network fastapi_websocket_appnet  Removing
 Network fastapi_websocket_appnet  Resource is still in use
 Container eboardfr_hose1  Stopping
 Container eboardfr_hnx2  Stopping
 Container eboardtb_hose8  Stopping
 Container indices2  Stopping
 Container eboardfr_hnx7  Stopping
 Container indices3  Stopping
 Container indices5  Stopping
 Container eboardtb_cw  Stopping
 Container eboardtb_hnx3  Stopping
 Container eboardfr_hose10  Stopping
 Container eboardfr_upcom1  Stopping
 Container eboardfr_hnx3  Stopping
 Container eboardtb_cw  Stopped
 Container eboardtb_cw  Removing
 Container eboardtb_cw  Removed
 Container eboardfr_hose1  Stopped
 Container eboardfr_hose1  Removing
 Container eboardfr_hose1  Removed
 Container indices2  Stopped
 Container indices2  Removing
 Container indices2  Removed
 Container indices5  Stopped
 Container indices5  Removing
 Container indices5  Removed
 Container eboardfr_upcom1  Stopped
 Container eboardfr_upcom1  Removing
 Container eboardfr_upcom1  Removed
 Container eboardtb_hnx3  Stopped
 Container eboardtb_hnx3  Removing
 Container eboardtb_hnx3  Removed
 Container eboardtb_hose8  Stopped
 Container eboardtb_hose8  Removing
 Container indices3  Stopped
 Container indices3  Removing
 Container eboardtb_hose8  Removed
 Container indices3  Removed
 Container eboardfr_hnx7  Stopped
 Container eboardfr_hnx7  Removing
 Container eboardfr_hnx7  Removed
 Container eboardfr_hnx3  Stopped
 Container eboardfr_hnx3  Removing
 Container eboardfr_hnx3  Removed
 Container eboardfr_hnx2  Stopped
 Container eboardfr_hnx2  Removing
 Container eboardfr_hnx2  Removed
 Container eboardfr_hose10  Stopped
 Container eboardfr_hose10  Removing
 Container eboardfr_hose10  Removed
 Network fastapi_websocket_appnet  Removing
 Network fastapi_websocket_appnet  Removed
 Container eboardtb_hnx3  Stopping
 Container eboardtb_upcom3  Stopping
 Container indices4  Stopping
 Container eboardfr_hnx4  Stopping
 Container eboardtb_hose10  Stopping
 Container eboardfr_hnx7  Stopping
 Container indices2  Stopping
 Container eboardtb_hnx6  Stopping
 Container eboardfr_hose4  Stopping
 Container eboardfr_etfhose  Stopping
 Container eboardtb_upcom1  Stopping
 Container eboardtb_upcom4  Stopping
 Container eboardfr_hose10  Stopping
 Container eboardtb_hnx7  Stopping
 Container indices3  Stopping
 Container eboardfr_hose9  Stopping
 Container eboardfr_hnx1  Stopping
 Container eboardtb_hnx2  Stopping
 Container eboardfr_hose1  Stopping
 Container eboardtb_hose2  Stopping
 Container eboardfr_upcom2  Stopping
 Container eboardfr_upcom1  Stopping
 Container alert_function  Stopping
 Container indices1  Stopping
 Container eboardtb_hose1  Stopping
 Container eboardfr_hnx8  Stopping
 Container eboardtb_hnx5  Stopping
 Container eboardfr_hose7  Stopping
 Container eboardfr_cw  Stopping
 Container eboardfr_hnx6  Stopping
 Container eboardtb_hose4  Stopping
 Container eboardfr_hnxbond  Stopping
 Container eboardtb_upcom2  Stopping
 Container eboardtb_cw  Stopping
 Container eboardfr_upcom4  Stopping
 Container eboardfr_hnx3  Stopping
 Container eboardtb_hose9  Stopping
 Container eboardtb_derivatives  Stopping
 Container eboardfr_hose8  Stopping
 Container eboardfr_hose6  Stopping
 Container eboardtb_hose7  Stopping
 Container eboardtb_etfhose  Stopping
 Container eboardtb_hnx8  Stopping
 Container eboardtb_hnxbond  Stopping
 Container eboardtb_hose6  Stopping
 Container eboardtb_hose8  Stopping
 Container indices5  Stopping
 Container eboardfr_hnx2  Stopping
 Container eboardtb_hnx4  Stopping
 Container eboardtb_hose3  Stopping
 Container eboardfr_hose5  Stopping
 Container eboardtb_hnx1  Stopping
 Container eboardfr_derivatives  Stopping
 Container eboardfr_hose2  Stopping
 Container eboardtb_hose5  Stopping
 Container eboardfr_hnx5  Stopping
 Container eboardfr_hose3  Stopping
 Container eboardfr_upcom3  Stopping
 Container eboardfr_hose1  Stopped
 Container eboardfr_hose1  Removing
 Container eboardfr_hose1  Removed
 Container eboardfr_upcom3  Stopped
 Container eboardfr_upcom3  Removing
 Container eboardfr_upcom3  Removed
 Container eboardfr_derivatives  Stopped
 Container eboardfr_derivatives  Removing
 Container eboardfr_derivatives  Removed
 Container eboardfr_hnx4  Stopped
 Container eboardfr_hnx4  Removing
 Container eboardfr_hnx4  Removed
 Container indices2  Stopped
 Container indices2  Removing
 Container indices2  Removed
 Container indices5  Stopped
 Container indices5  Removing
 Container indices5  Removed
 Container eboardtb_hose5  Stopped
 Container eboardtb_hose5  Removing
 Container eboardtb_hose5  Removed
 Container eboardtb_hnx4  Stopped
 Container eboardtb_hnx4  Removing
 Container eboardtb_hnx4  Removed
 Container eboardfr_hose6  Stopped
 Container eboardfr_hose6  Removing
 Container eboardfr_hose6  Removed
 Container eboardtb_hnx3  Stopped
 Container eboardtb_hnx3  Removing
 Container eboardtb_hnx3  Removed
 Container eboardtb_hose8  Stopped
 Container eboardtb_hose8  Removing
 Container eboardtb_hose8  Removed
 Container eboardtb_hose6  Stopped
 Container eboardtb_hose6  Removing
 Container eboardtb_hose6  Removed
 Container eboardtb_hose2  Stopped
 Container eboardtb_hose2  Removing
 Container eboardtb_hose2  Removed
 Container eboardtb_hose3  Stopped
 Container eboardtb_hose3  Removing
 Container eboardtb_hose3  Removed
 Container eboardtb_hnx1  Stopped
 Container eboardtb_hnx1  Removing
 Container eboardtb_hnx1  Removed
 Container eboardtb_hose7  Stopped
 Container eboardtb_hose7  Removing
 Container eboardtb_hose7  Removed
 Container eboardtb_upcom1  Stopped
 Container eboardtb_upcom1  Removing
 Container eboardtb_upcom1  Removed
 Container eboardfr_hnx8  Stopped
 Container eboardfr_hnx8  Removing
 Container eboardfr_hnx8  Removed
 Container indices4  Stopped
 Container indices4  Removing
 Container indices4  Removed
 Container indices3  Stopped
 Container indices3  Removing
 Container indices3  Removed
 Container eboardtb_hose9  Stopped
 Container eboardtb_hose9  Removing
 Container eboardtb_hose9  Removed
 Container eboardfr_hnx2  Stopped
 Container eboardfr_hnx2  Removing
 Container eboardfr_hnx2  Removed
 Container eboardtb_hnx5  Stopped
 Container eboardtb_hnx5  Removing
 Container eboardtb_hnx5  Removed
 Container eboardtb_hose4  Stopped
 Container eboardtb_hose4  Removing
 Container eboardtb_hose4  Removed
 Container eboardfr_hose2  Stopped
 Container eboardfr_hose2  Removing
 Container eboardfr_hose2  Removed
 Container eboardfr_hose7  Stopped
 Container eboardfr_hose7  Removing
 Container eboardfr_hose7  Removed
 Container eboardfr_hose10  Stopped
 Container eboardfr_hose10  Removing
 Container eboardfr_hose10  Removed
 Container eboardfr_hose8  Stopped
 Container eboardfr_hose8  Removing
 Container eboardfr_hose8  Removed
 Container eboardtb_upcom2  Stopped
 Container eboardtb_upcom2  Removing
 Container eboardtb_upcom2  Removed
 Container eboardtb_derivatives  Stopped
 Container eboardtb_derivatives  Removing
 Container eboardtb_derivatives  Removed
 Container eboardfr_hose4  Stopped
 Container eboardfr_hose4  Removing
 Container eboardfr_hose4  Removed
 Container eboardtb_hnx6  Stopped
 Container eboardtb_hnx6  Removing
 Container eboardtb_hnx6  Removed
 Container eboardfr_hnxbond  Stopped
 Container eboardfr_hnxbond  Removing
 Container eboardfr_hnxbond  Removed
 Container eboardtb_hnx2  Stopped
 Container eboardtb_hnx2  Removing
 Container eboardtb_hnx2  Removed
 Container eboardtb_hnx8  Stopped
 Container eboardtb_hnx8  Removing
 Container eboardtb_hnx8  Removed
 Container eboardfr_hose9  Stopped
 Container eboardfr_hose9  Removing
 Container eboardfr_hose9  Removed
 Container eboardfr_hnx6  Stopped
 Container eboardfr_hnx6  Removing
 Container eboardfr_hnx6  Removed
 Container eboardfr_hnx3  Stopped
 Container eboardfr_hnx3  Removing
 Container eboardfr_hnx3  Removed
 Container eboardfr_upcom1  Stopped
 Container eboardfr_upcom1  Removing
 Container eboardfr_upcom1  Removed
 Container eboardtb_hnxbond  Stopped
 Container eboardtb_hnxbond  Removing
 Container eboardtb_hnxbond  Removed
 Container eboardfr_hnx1  Stopped
 Container eboardfr_hnx1  Removing
 Container eboardfr_hnx1  Removed
 Container eboardfr_upcom2  Stopped
 Container eboardfr_upcom2  Removing
 Container eboardfr_upcom2  Removed
 Container eboardfr_hnx7  Stopped
 Container eboardfr_hnx7  Removing
 Container eboardfr_hnx7  Removed
 Container eboardfr_hnx5  Stopped
 Container eboardfr_hnx5  Removing
 Container eboardfr_hnx5  Removed
 Container eboardtb_hose10  Stopped
 Container eboardtb_hose10  Removing
 Container eboardtb_hose10  Removed
 Container eboardfr_cw  Stopped
 Container eboardfr_cw  Removing
 Container eboardfr_cw  Removed
 Container eboardfr_hose5  Stopped
 Container eboardfr_hose5  Removing
 Container eboardfr_hose5  Removed
 Container eboardtb_hose1  Stopped
 Container eboardtb_hose1  Removing
 Container eboardtb_hose1  Removed
 Container indices1  Stopped
 Container indices1  Removing
 Container indices1  Removed
 Container eboardtb_cw  Stopped
 Container eboardtb_cw  Removing
 Container eboardtb_cw  Removed
 Container eboardtb_upcom4  Stopped
 Container eboardtb_upcom4  Removing
 Container eboardtb_upcom4  Removed
 Container eboardtb_upcom3  Stopped
 Container eboardtb_upcom3  Removing
 Container eboardtb_upcom3  Removed
 Container eboardfr_etfhose  Stopped
 Container eboardfr_etfhose  Removing
 Container eboardfr_etfhose  Removed
 Container eboardfr_hose3  Stopped
 Container eboardfr_hose3  Removing
 Container eboardfr_hose3  Removed
 Container eboardtb_etfhose  Stopped
 Container eboardtb_etfhose  Removing
 Container eboardtb_etfhose  Removed
 Container eboardfr_upcom4  Stopped
 Container eboardfr_upcom4  Removing
 Container eboardfr_upcom4  Removed
 Container eboardtb_hnx7  Stopped
 Container eboardtb_hnx7  Removing
 Container eboardtb_hnx7  Removed
 Container alert_function  Stopped
 Container alert_function  Removing
 Container alert_function  Removed
 Network fastapi_websocket_appnet  Removing
 Network fastapi_websocket_appnet  Removed
 Container eboardfr_hose9  Stopping
 Container eboardtb_hose2  Stopping
 Container eboardtb_hose4  Stopping
 Container eboardtb_upcom4  Stopping
 Container indices2  Stopping
 Container eboardfr_upcom2  Stopping
 Container eboardtb_hose9  Stopping
 Container eboardfr_hose6  Stopping
 Container eboardfr_hose4  Stopping
 Container eboardfr_hose1  Stopping
 Container indices1  Stopping
 Container eboardtb_cw  Stopping
 Container eboardtb_hose6  Stopping
 Container eboardfr_hose8  Stopping
 Container eboardfr_hose7  Stopping
 Container eboardtb_hnx3  Stopping
 Container eboardfr_hose3  Stopping
 Container eboardtb_hnx6  Stopping
 Container eboardfr_derivatives  Stopping
 Container eboardtb_hose1  Stopping
 Container eboardfr_hose2  Stopping
 Container eboardfr_hose5  Stopping
 Container eboardtb_hnxbond  Stopping
 Container eboardtb_hose8  Stopping
 Container eboardtb_hose7  Stopping
 Container eboardfr_hnx3  Stopping
 Container eboardtb_hnx1  Stopping
 Container eboardtb_hnx8  Stopping
 Container alert_function  Stopping
 Container eboardtb_upcom3  Stopping
 Container eboardtb_hnx7  Stopping
 Container indices3  Stopping
 Container eboardfr_hnx8  Stopping
 Container indices4  Stopping
 Container eboardfr_hnxbond  Stopping
 Container eboardfr_upcom4  Stopping
 Container eboardtb_upcom2  Stopping
 Container eboardtb_hnx5  Stopping
 Container eboardfr_cw  Stopping
 Container eboardtb_upcom1  Stopping
 Container eboardfr_hose10  Stopping
 Container eboardfr_upcom1  Stopping
 Container eboardtb_hnx4  Stopping
 Container eboardfr_upcom3  Stopping
 Container eboardtb_hose3  Stopping
 Container eboardfr_hnx2  Stopping
 Container eboardtb_derivatives  Stopping
 Container eboardfr_hnx1  Stopping
 Container eboardtb_hose5  Stopping
 Container indices5  Stopping
 Container eboardtb_hose10  Stopping
 Container eboardtb_etfhose  Stopping
 Container eboardfr_etfhose  Stopping
 Container eboardfr_hnx5  Stopping
 Container eboardfr_hnx6  Stopping
 Container eboardfr_hnx4  Stopping
 Container eboardtb_hnx2  Stopping
 Container eboardfr_hnx7  Stopping
 Container eboardfr_hnxbond  Stopped
 Container eboardfr_hnxbond  Removing
 Container eboardfr_hnxbond  Removed
 Container indices3  Stopped
 Container indices3  Removing
 Container indices3  Removed
 Container eboardfr_cw  Stopped
 Container eboardfr_cw  Removing
 Container eboardfr_cw  Removed
 Container eboardfr_hnx1  Stopped
 Container eboardfr_hnx1  Removing
 Container eboardfr_hnx1  Removed
 Container eboardfr_hose10  Stopped
 Container eboardfr_hose10  Removing
 Container eboardfr_hose10  Removed
 Container eboardfr_hnx5  Stopped
 Container eboardfr_hnx5  Removing
 Container eboardfr_hnx5  Removed
 Container eboardfr_hnx3  Stopped
 Container eboardfr_hnx3  Removing
 Container eboardfr_hnx3  Removed
 Container eboardfr_upcom3  Stopped
 Container eboardfr_upcom3  Removing
 Container eboardfr_upcom3  Removed
 Container eboardfr_upcom2  Stopped
 Container eboardfr_upcom2  Removing
 Container eboardfr_upcom2  Removed
 Container eboardfr_hose8  Stopped
 Container eboardfr_hose8  Removing
 Container eboardfr_hose8  Removed
 Container eboardtb_hose5  Stopped
 Container eboardtb_hose5  Removing
 Container eboardtb_hose5  Removed
 Container eboardtb_hnx4  Stopped
 Container eboardtb_hnx4  Removing
 Container eboardtb_hnx4  Removed
 Container eboardfr_derivatives  Stopped
 Container eboardfr_derivatives  Removing
 Container eboardfr_derivatives  Removed
 Container eboardfr_hose2  Stopped
 Container eboardfr_hose2  Removing
 Container eboardfr_hose2  Removed
 Container eboardtb_upcom4  Stopped
 Container eboardtb_upcom4  Removing
 Container eboardtb_upcom4  Removed
 Container eboardtb_hnxbond  Stopped
 Container eboardtb_hnxbond  Removing
 Container eboardtb_hnxbond  Removed
 Container indices4  Stopped
 Container indices4  Removing
 Container indices4  Removed
 Container eboardtb_hose10  Stopped
 Container eboardtb_hose10  Removing
 Container eboardtb_hose10  Removed
 Container eboardfr_hnx7  Stopped
 Container eboardfr_hnx7  Removing
 Container eboardfr_hnx7  Removed
 Container eboardfr_hose4  Stopped
 Container eboardfr_hose4  Removing
 Container eboardfr_hose4  Removed
 Container eboardtb_hose3  Stopped
 Container eboardtb_hose3  Removing
 Container eboardtb_hose3  Removed
 Container eboardfr_etfhose  Stopped
 Container eboardfr_etfhose  Removing
 Container eboardfr_etfhose  Removed
 Container eboardtb_hnx5  Stopped
 Container eboardtb_hnx5  Removing
 Container eboardtb_hnx5  Removed
 Container eboardtb_hose4  Stopped
 Container eboardtb_hose4  Removing
 Container eboardtb_hose4  Removed
 Container eboardfr_hose6  Stopped
 Container eboardfr_hose6  Removing
 Container eboardfr_hose6  Removed
 Container eboardtb_hose7  Stopped
 Container eboardtb_hose7  Removing
 Container eboardtb_hose7  Removed
 Container eboardtb_hnx3  Stopped
 Container eboardtb_hnx3  Removing
 Container eboardtb_hnx3  Removed
 Container eboardfr_hnx4  Stopped
 Container eboardfr_hnx4  Removing
 Container eboardfr_hnx4  Removed
 Container eboardtb_hnx6  Stopped
 Container eboardtb_hnx6  Removing
 Container eboardtb_hnx6  Removed
 Container eboardfr_hose9  Stopped
 Container eboardfr_hose9  Removing
 Container eboardfr_hose9  Removed
 Container eboardtb_hose2  Stopped
 Container eboardtb_hose2  Removing
 Container eboardtb_hose2  Removed
 Container eboardtb_hnx8  Stopped
 Container eboardtb_hnx8  Removing
 Container eboardtb_hnx8  Removed
 Container eboardtb_hnx7  Stopped
 Container eboardtb_hnx7  Removing
 Container eboardtb_hnx7  Removed
 Container eboardfr_upcom1  Stopped
 Container eboardfr_upcom1  Removing
 Container eboardfr_upcom1  Removed
 Container eboardtb_derivatives  Stopped
 Container eboardtb_derivatives  Removing
 Container eboardtb_derivatives  Removed
 Container eboardtb_hose6  Stopped
 Container eboardtb_hose6  Removing
 Container eboardtb_hose6  Removed
 Container eboardtb_hnx1  Stopped
 Container eboardtb_hnx1  Removing
 Container eboardtb_hnx1  Removed
 Container eboardtb_hose9  Stopped
 Container eboardtb_hose9  Removing
 Container eboardtb_hose9  Removed
 Container eboardfr_hose7  Stopped
 Container eboardfr_hose7  Removing
 Container eboardfr_hose7  Removed
 Container eboardtb_upcom3  Stopped
 Container eboardtb_upcom3  Removing
 Container eboardtb_upcom3  Removed
 Container eboardfr_hnx8  Stopped
 Container eboardfr_hnx8  Removing
 Container eboardfr_hnx8  Removed
 Container eboardfr_hose3  Stopped
 Container eboardfr_hose3  Removing
 Container eboardfr_hose3  Removed
 Container eboardfr_hose1  Stopped
 Container eboardfr_hose1  Removing
 Container eboardfr_hose1  Removed
 Container eboardtb_hnx2  Stopped
 Container eboardtb_hnx2  Removing
 Container eboardtb_hnx2  Removed
 Container eboardfr_upcom4  Stopped
 Container eboardfr_upcom4  Removing
 Container eboardfr_upcom4  Removed
 Container eboardtb_hose8  Stopped
 Container eboardtb_hose8  Removing
 Container eboardtb_hose8  Removed
 Container eboardtb_upcom1  Stopped
 Container eboardtb_upcom1  Removing
 Container eboardtb_upcom1  Removed
 Container indices2  Stopped
 Container indices2  Removing
 Container indices2  Removed
 Container indices1  Stopped
 Container indices1  Removing
 Container indices1  Removed
 Container eboardtb_etfhose  Stopped
 Container eboardtb_etfhose  Removing
 Container eboardtb_etfhose  Removed
 Container eboardfr_hnx6  Stopped
 Container eboardfr_hnx6  Removing
 Container eboardfr_hnx6  Removed
 Container eboardtb_hose1  Stopped
 Container eboardtb_hose1  Removing
 Container eboardtb_hose1  Removed
 Container eboardfr_hose5  Stopped
 Container eboardfr_hose5  Removing
 Container eboardfr_hose5  Removed
 Container eboardtb_cw  Stopped
 Container eboardtb_cw  Removing
 Container eboardtb_cw  Removed
 Container eboardfr_hnx2  Stopped
 Container eboardfr_hnx2  Removing
 Container eboardfr_hnx2  Removed
 Container indices5  Stopped
 Container indices5  Removing
 Container indices5  Removed
 Container eboardtb_upcom2  Stopped
 Container eboardtb_upcom2  Removing
 Container eboardtb_upcom2  Removed
 Container alert_function  Stopped
 Container alert_function  Removing
 Container alert_function  Removed
 Network fastapi_websocket_appnet  Removing
 Network fastapi_websocket_appnet  Removed
 Container eboardtb_hnxbond  Stopping
 Container alert_function  Stopping
 Container eboardtb_etfhose  Stopping
 Container eboardfr_hose1  Stopping
 Container eboardfr_hose8  Stopping
 Container eboardfr_upcom4  Stopping
 Container eboardfr_hnxbond  Stopping
 Container eboardtb_hose5  Stopping
 Container eboardfr_hose3  Stopping
 Container eboardfr_upcom2  Stopping
 Container eboardfr_hose4  Stopping
 Container eboardfr_hnx1  Stopping
 Container eboardtb_upcom1  Stopping
 Container eboardfr_hose2  Stopping
 Container eboardtb_hnx2  Stopping
 Container eboardfr_hnx6  Stopping
 Container eboardtb_derivatives  Stopping
 Container eboardfr_etfhose  Stopping
 Container eboardtb_hnx4  Stopping
 Container eboardfr_hnx3  Stopping
 Container indices5  Stopping
 Container eboardtb_hose10  Stopping
 Container eboardfr_hnx4  Stopping
 Container eboardtb_hose3  Stopping
 Container eboardfr_upcom1  Stopping
 Container eboardfr_hose5  Stopping
 Container eboardtb_hose8  Stopping
 Container eboardtb_upcom4  Stopping
 Container eboardtb_hnx1  Stopping
 Container eboardtb_hnx5  Stopping
 Container indices4  Stopping
 Container indices2  Stopping
 Container eboardfr_hnx7  Stopping
 Container eboardfr_hose7  Stopping
 Container eboardfr_upcom3  Stopping
 Container eboardtb_hose4  Stopping
 Container eboardtb_hose1  Stopping
 Container eboardfr_hose6  Stopping
 Container eboardtb_hose7  Stopping
 Container eboardtb_hnx8  Stopping
 Container eboardtb_hose6  Stopping
 Container eboardfr_hnx8  Stopping
 Container indices1  Stopping
 Container eboardfr_hose10  Stopping
 Container eboardfr_hnx2  Stopping
 Container eboardfr_hnx5  Stopping
 Container indices3  Stopping
 Container eboardfr_hose9  Stopping
 Container eboardtb_upcom2  Stopping
 Container eboardtb_upcom3  Stopping
 Container eboardtb_hose9  Stopping
 Container eboardtb_hnx3  Stopping
 Container eboardtb_hnx6  Stopping
 Container eboardtb_cw  Stopping
 Container eboardtb_hose2  Stopping
 Container eboardfr_cw  Stopping
 Container eboardfr_derivatives  Stopping
 Container eboardtb_hnx7  Stopping
 Container eboardfr_upcom1  Stopped
 Container eboardfr_upcom1  Removing
 Container eboardfr_upcom1  Removed
 Container eboardfr_upcom3  Stopped
 Container eboardfr_upcom3  Removing
 Container eboardfr_upcom3  Removed
 Container eboardfr_upcom4  Stopped
 Container eboardfr_upcom4  Removing
 Container eboardfr_upcom4  Removed
 Container eboardtb_hnxbond  Stopped
 Container eboardtb_hnxbond  Removing
 Container eboardtb_hnxbond  Removed
 Container eboardfr_hose3  Stopped
 Container eboardfr_hose3  Removing
 Container eboardfr_hose3  Removed
 Container eboardfr_etfhose  Stopped
 Container eboardfr_etfhose  Removing
 Container eboardfr_etfhose  Removed
 Container eboardfr_hnxbond  Stopped
 Container eboardfr_hnxbond  Removing
 Container eboardfr_hnxbond  Removed
 Container eboardfr_hnx2  Stopped
 Container eboardfr_hnx2  Removing
 Container eboardfr_hnx2  Removed
 Container eboardfr_hose5  Stopped
 Container eboardfr_hose5  Removing
 Container eboardfr_hose5  Removed
 Container eboardfr_hnx7  Stopped
 Container eboardfr_hnx7  Removing
 Container eboardfr_hnx7  Removed
 Container eboardfr_hnx4  Stopped
 Container eboardfr_hnx4  Removing
 Container eboardfr_hnx4  Removed
 Container eboardfr_hnx5  Stopped
 Container eboardfr_hnx5  Removing
 Container eboardfr_hnx5  Removed
 Container eboardtb_hose2  Stopped
 Container eboardtb_hose2  Removing
 Container eboardtb_hose2  Removed
 Container eboardfr_hose6  Stopped
 Container eboardfr_hose6  Removing
 Container eboardfr_hose6  Removed
 Container indices4  Stopped
 Container indices4  Removing
 Container indices4  Removed
 Container eboardfr_upcom2  Stopped
 Container eboardfr_upcom2  Removing
 Container eboardfr_upcom2  Removed
 Container indices5  Stopped
 Container indices5  Removing
 Container indices5  Removed
 Container eboardtb_hnx2  Stopped
 Container eboardtb_hnx2  Removing
 Container eboardtb_hnx2  Removed
 Container indices2  Stopped
 Container indices2  Removing
 Container indices2  Removed
 Container indices1  Stopped
 Container indices1  Removing
 Container indices1  Removed
 Container eboardtb_hose7  Stopped
 Container eboardtb_hose7  Removing
 Container eboardtb_hose7  Removed
 Container eboardtb_hose8  Stopped
 Container eboardtb_hose8  Removing
 Container eboardtb_hose8  Removed
 Container eboardtb_hose9  Stopped
 Container eboardtb_hose9  Removing
 Container eboardtb_hose9  Removed
 Container indices3  Stopped
 Container indices3  Removing
 Container indices3  Removed
 Container eboardtb_hnx4  Stopped
 Container eboardtb_hnx4  Removing
 Container eboardtb_hnx4  Removed
 Container eboardtb_upcom2  Stopped
 Container eboardtb_upcom2  Removing
 Container eboardtb_upcom2  Removed
 Container eboardtb_hnx7  Stopped
 Container eboardtb_hnx7  Removing
 Container eboardtb_hnx7  Removed
 Container eboardtb_hose3  Stopped
 Container eboardtb_hose3  Removing
 Container eboardtb_hose3  Removed
 Container eboardtb_hnx6  Stopped
 Container eboardtb_hnx6  Removing
 Container eboardtb_hnx6  Removed
 Container eboardtb_hose4  Stopped
 Container eboardtb_hose4  Removing
 Container eboardtb_hose4  Removed
 Container eboardfr_hose10  Stopped
 Container eboardfr_hose10  Removing
 Container eboardfr_hose10  Removed
 Container eboardtb_hnx8  Stopped
 Container eboardtb_hnx8  Removing
 Container eboardtb_hnx8  Removed
 Container eboardfr_hnx6  Stopped
 Container eboardfr_hnx6  Removing
 Container eboardfr_hnx6  Removed
 Container eboardtb_upcom1  Stopped
 Container eboardtb_upcom1  Removing
 Container eboardtb_upcom1  Removed
 Container eboardfr_hnx8  Stopped
 Container eboardfr_hnx8  Removing
 Container eboardfr_hnx8  Removed
 Container eboardtb_hose1  Stopped
 Container eboardtb_hose1  Removing
 Container eboardtb_hose1  Removed
 Container eboardtb_hose6  Stopped
 Container eboardtb_hose6  Removing
 Container eboardtb_hose6  Removed
 Container eboardtb_cw  Stopped
 Container eboardtb_cw  Removing
 Container eboardtb_cw  Removed
 Container eboardtb_hnx1  Stopped
 Container eboardtb_hnx1  Removing
 Container eboardtb_hnx1  Removed
 Container eboardfr_hose1  Stopped
 Container eboardfr_hose1  Removing
 Container eboardfr_hose1  Removed
 Container eboardfr_hose9  Stopped
 Container eboardfr_hose9  Removing
 Container eboardfr_hose9  Removed
 Container eboardtb_hose5  Stopped
 Container eboardtb_hose5  Removing
 Container eboardtb_hose5  Removed
 Container eboardfr_hose7  Stopped
 Container eboardfr_hose7  Removing
 Container eboardfr_hose7  Removed
 Container eboardfr_hnx1  Stopped
 Container eboardfr_hnx1  Removing
 Container eboardfr_hnx1  Removed
 Container eboardtb_hose10  Stopped
 Container eboardtb_hose10  Removing
 Container eboardtb_hose10  Removed
 Container eboardfr_hose4  Stopped
 Container eboardfr_hose4  Removing
 Container eboardfr_hose4  Removed
 Container eboardtb_etfhose  Stopped
 Container eboardtb_etfhose  Removing
 Container eboardtb_etfhose  Removed
 Container eboardtb_upcom4  Stopped
 Container eboardtb_upcom4  Removing
 Container eboardtb_upcom4  Removed
 Container eboardtb_upcom3  Stopped
 Container eboardtb_upcom3  Removing
 Container eboardtb_upcom3  Removed
 Container eboardtb_hnx5  Stopped
 Container eboardtb_hnx5  Removing
 Container eboardtb_hnx5  Removed
 Container eboardfr_hose8  Stopped
 Container eboardfr_hose8  Removing
 Container eboardfr_hose8  Removed
 Container eboardfr_hose2  Stopped
 Container eboardfr_hose2  Removing
 Container eboardfr_hose2  Removed
 Container eboardtb_derivatives  Stopped
 Container eboardtb_derivatives  Removing
 Container eboardtb_derivatives  Removed
 Container eboardfr_cw  Stopped
 Container eboardfr_cw  Removing
 Container eboardfr_cw  Removed
 Container eboardfr_hnx3  Stopped
 Container eboardfr_hnx3  Removing
 Container eboardfr_hnx3  Removed
 Container eboardtb_hnx3  Stopped
 Container eboardtb_hnx3  Removing
 Container eboardtb_hnx3  Removed
 Container eboardfr_derivatives  Stopped
 Container eboardfr_derivatives  Removing
 Container eboardfr_derivatives  Removed
 Container alert_function  Stopped
 Container alert_function  Removing
 Container alert_function  Removed
 Network fastapi_websocket_appnet  Removing
 Network fastapi_websocket_appnet  Removed
 Container eboardfr_hose1  Stopping
 Container eboardtb_upcom3  Stopping
 Container eboardtb_upcom1  Stopping
 Container indices5  Stopping
 Container eboardfr_cw  Stopping
 Container eboardfr_hose8  Stopping
 Container eboardfr_hose2  Stopping
 Container eboardtb_hnx4  Stopping
 Container eboardfr_hnx2  Stopping
 Container eboardtb_hose7  Stopping
 Container eboardtb_hnx3  Stopping
 Container eboardtb_hnx7  Stopping
 Container eboardfr_hnx6  Stopping
 Container eboardfr_hose9  Stopping
 Container eboardfr_hnx1  Stopping
 Container eboardtb_hose4  Stopping
 Container eboardfr_hose5  Stopping
 Container eboardtb_hose3  Stopping
 Container eboardtb_hnx6  Stopping
 Container eboardfr_hnx7  Stopping
 Container eboardfr_hnx8  Stopping
 Container eboardfr_upcom4  Stopping
 Container indices2  Stopping
 Container eboardfr_hose3  Stopping
 Container eboardfr_hose4  Stopping
 Container eboardtb_hose5  Stopping
 Container eboardtb_hnx5  Stopping
 Container indices4  Stopping
 Container eboardfr_hnx5  Stopping
 Container eboardtb_cw  Stopping
 Container eboardfr_hnx4  Stopping
 Container eboardtb_hose6  Stopping
 Container indices1  Stopping
 Container indices3  Stopping
 Container eboardfr_derivatives  Stopping
 Container eboardfr_etfhose  Stopping
 Container eboardtb_hose8  Stopping
 Container eboardtb_hnxbond  Stopping
 Container eboardfr_hose6  Stopping
 Container eboardtb_hose10  Stopping
 Container eboardtb_etfhose  Stopping
 Container eboardtb_upcom2  Stopping
 Container eboardfr_hnx3  Stopping
 Container eboardfr_upcom2  Stopping
 Container eboardfr_hose7  Stopping
 Container eboardfr_upcom1  Stopping
 Container eboardtb_hose9  Stopping
 Container eboardtb_hnx1  Stopping
 Container eboardtb_hnx2  Stopping
 Container eboardtb_upcom4  Stopping
 Container alert_function  Stopping
 Container eboardtb_hnx8  Stopping
 Container eboardtb_hose1  Stopping
 Container eboardtb_derivatives  Stopping
 Container eboardfr_hose10  Stopping
 Container eboardfr_hnxbond  Stopping
 Container eboardtb_hose2  Stopping
 Container eboardfr_upcom3  Stopping
 Container eboardfr_hose8  Stopped
 Container eboardfr_hose8  Removing
 Container eboardfr_hose8  Removed
 Container eboardfr_hose7  Stopped
 Container eboardfr_hose7  Removing
 Container eboardfr_hose7  Removed
 Container eboardfr_hnx4  Stopped
 Container eboardfr_hnx4  Removing
 Container eboardfr_hnx4  Removed
 Container eboardtb_hnxbond  Stopped
 Container eboardtb_hnxbond  Removing
 Container eboardtb_hnxbond  Removed
 Container eboardfr_hnx6  Stopped
 Container eboardfr_hnx6  Removing
 Container eboardfr_hnx6  Removed
 Container eboardfr_derivatives  Stopped
 Container eboardfr_derivatives  Removing
 Container eboardfr_derivatives  Removed
 Container eboardfr_hnx8  Stopped
 Container eboardfr_hnx8  Removing
 Container eboardfr_hnx8  Removed
 Container eboardfr_hose3  Stopped
 Container eboardfr_hose3  Removing
 Container eboardfr_hose3  Removed
 Container indices5  Stopped
 Container indices5  Removing
 Container indices5  Removed
 Container eboardfr_hose9  Stopped
 Container eboardfr_hose9  Removing
 Container eboardfr_hose9  Removed
 Container eboardfr_hnx5  Stopped
 Container eboardfr_hnx5  Removing
 Container eboardfr_hnx5  Removed
 Container eboardfr_hnx1  Stopped
 Container eboardfr_hnx1  Removing
 Container eboardfr_hnx1  Removed
 Container eboardfr_upcom1  Stopped
 Container eboardfr_upcom1  Removing
 Container eboardfr_upcom1  Removed
 Container eboardfr_cw  Stopped
 Container eboardfr_cw  Removing
 Container eboardfr_cw  Removed
 Container indices2  Stopped
 Container indices2  Removing
 Container indices2  Removed
 Container eboardtb_hose2  Stopped
 Container eboardtb_hose2  Removing
 Container eboardtb_hose2  Removed
 Container eboardfr_upcom4  Stopped
 Container eboardfr_upcom4  Removing
 Container eboardfr_upcom4  Removed
 Container indices1  Stopped
 Container indices1  Removing
 Container indices1  Removed
 Container eboardfr_upcom2  Stopped
 Container eboardfr_upcom2  Removing
 Container eboardfr_upcom2  Removed
 Container eboardfr_hnx3  Stopped
 Container eboardfr_hnx3  Removing
 Container eboardfr_hnx3  Removed
 Container eboardfr_hnx7  Stopped
 Container eboardfr_hnx7  Removing
 Container eboardfr_hnx7  Removed
 Container eboardtb_etfhose  Stopped
 Container eboardtb_etfhose  Removing
 Container eboardtb_etfhose  Removed
 Container eboardtb_cw  Stopped
 Container eboardtb_cw  Removing
 Container eboardtb_cw  Removed
 Container eboardfr_hose10  Stopped
 Container eboardfr_hose10  Removing
 Container eboardfr_hose10  Removed
 Container eboardtb_upcom3  Stopped
 Container eboardtb_upcom3  Removing
 Container eboardtb_upcom3  Removed
 Container eboardfr_hnxbond  Stopped
 Container eboardfr_hnxbond  Removing
 Container eboardfr_hnxbond  Removed
 Container eboardfr_hnx2  Stopped
 Container eboardfr_hnx2  Removing
 Container eboardfr_hnx2  Removed
 Container eboardfr_hose5  Stopped
 Container eboardfr_hose5  Removing
 Container eboardfr_hose5  Removed
 Container indices3  Stopped
 Container indices3  Removing
 Container indices3  Removed
 Container eboardtb_derivatives  Stopped
 Container eboardtb_derivatives  Removing
 Container eboardtb_derivatives  Removed
 Container indices4  Stopped
 Container indices4  Removing
 Container indices4  Removed
 Container eboardfr_upcom3  Stopped
 Container eboardfr_upcom3  Removing
 Container eboardfr_upcom3  Removed
 Container eboardfr_etfhose  Stopped
 Container eboardfr_etfhose  Removing
 Container eboardfr_etfhose  Removed
 Container eboardfr_hose4  Stopped
 Container eboardfr_hose4  Removing
 Container eboardfr_hose4  Removed
 Container eboardfr_hose6  Stopped
 Container eboardfr_hose6  Removing
 Container eboardfr_hose6  Removed
 Container eboardtb_hose6  Stopped
 Container eboardtb_hose6  Removing
 Container eboardtb_hose6  Removed
 Container eboardfr_hose1  Stopped
 Container eboardfr_hose1  Removing
 Container eboardfr_hose1  Removed
 Container eboardfr_hose2  Stopped
 Container eboardfr_hose2  Removing
 Container eboardfr_hose2  Removed
 Container eboardtb_hnx4  Stopped
 Container eboardtb_hnx4  Removing
 Container eboardtb_hnx4  Removed
 Container eboardtb_hose10  Stopped
 Container eboardtb_hose10  Removing
 Container eboardtb_hose10  Removed
 Container eboardtb_hose1  Stopped
 Container eboardtb_hose1  Removing
 Container eboardtb_hose1  Removed
 Container eboardtb_hose3  Stopped
 Container eboardtb_hose3  Removing
 Container eboardtb_hose3  Removed
 Container eboardtb_hnx2  Stopped
 Container eboardtb_hnx2  Removing
 Container eboardtb_hnx2  Removed
 Container eboardtb_hnx7  Stopped
 Container eboardtb_hnx7  Removing
 Container eboardtb_hnx7  Removed
 Container eboardtb_hnx5  Stopped
 Container eboardtb_hnx5  Removing
 Container eboardtb_hnx5  Removed
 Container eboardtb_hose4  Stopped
 Container eboardtb_hose4  Removing
 Container eboardtb_hose4  Removed
 Container eboardtb_hnx1  Stopped
 Container eboardtb_hnx1  Removing
 Container eboardtb_hnx1  Removed
 Container eboardtb_hose5  Stopped
 Container eboardtb_hose5  Removing
 Container eboardtb_hose5  Removed
 Container eboardtb_hnx6  Stopped
 Container eboardtb_hnx6  Removing
 Container eboardtb_hnx6  Removed
 Container eboardtb_upcom2  Stopped
 Container eboardtb_upcom2  Removing
 Container eboardtb_upcom2  Removed
 Container eboardtb_hose7  Stopped
 Container eboardtb_hose7  Removing
 Container eboardtb_hose7  Removed
 Container eboardtb_hose8  Stopped
 Container eboardtb_hose8  Removing
 Container eboardtb_hose8  Removed
 Container eboardtb_hnx8  Stopped
 Container eboardtb_hnx8  Removing
 Container eboardtb_hnx8  Removed
 Container eboardtb_upcom1  Stopped
 Container eboardtb_upcom1  Removing
 Container eboardtb_upcom1  Removed
 Container eboardtb_hnx3  Stopped
 Container eboardtb_hnx3  Removing
 Container eboardtb_hnx3  Removed
 Container eboardtb_upcom4  Stopped
 Container eboardtb_upcom4  Removing
 Container eboardtb_upcom4  Removed
 Container eboardtb_hose9  Stopped
 Container eboardtb_hose9  Removing
 Container eboardtb_hose9  Removed
 Container alert_function  Stopped
 Container alert_function  Removing
 Container alert_function  Removed
 Network fastapi_websocket_appnet  Removing
 Network fastapi_websocket_appnet  Resource is still in use
