2025-10-28 15:55:45,578 [INFO] โ HNX30 -> refPoint=569.69
2025-10-28 15:55:45,579 [INFO] โ HNXINDEX -> refPoint=267.28
2025-10-28 15:55:45,580 [INFO] โ UPCOMINDEX -> refPoint=111.13
2025-10-28 15:55:45,582 [INFO] โ Hoรn thรnh tแบกo file refpoint.py.
2025-10-28 15:55:45,582 [INFO] ๐ ฤรฃ ฤรณng kแบฟt nแปi DB
2025-10-28 15:57:24,443 [INFO] โ HNX30 -> refPoint=569.69
2025-10-28 15:57:24,445 [INFO] โ HNXINDEX -> refPoint=267.28
2025-10-28 15:57:24,446 [INFO] โ UPCOMINDEX -> refPoint=111.13
2025-10-28 15:57:24,448 [INFO] โ Hoรn thรnh tแบกo file refpoint.py.
2025-10-28 15:57:24,448 [INFO] ๐ ฤรฃ ฤรณng kแบฟt nแปi DB
2025-10-29 08:30:02,908 [INFO] โ HNX30 -> refPoint=576.19
2025-10-29 08:30:02,921 [INFO] โ HNXINDEX -> refPoint=267.28
2025-10-29 08:30:02,922 [INFO] โ UPCOMINDEX -> refPoint=111.13
2025-10-29 08:30:02,923 [INFO] โ Hoรn thรnh tแบกo file refpoint.py.
2025-10-29 08:30:02,923 [INFO] ๐ ฤรฃ ฤรณng kแบฟt nแปi DB
2025-10-30 08:30:02,601 [INFO] โ UPCOMINDEX -> refPoint=111.51
2025-10-30 08:30:02,604 [INFO] โ HNX30 -> refPoint=581.41
2025-10-30 08:30:02,606 [INFO] โ HNXINDEX -> refPoint=266.78
2025-10-30 08:30:02,607 [INFO] โ Hoรn thรnh tแบกo file refpoint.py.
2025-10-30 08:30:02,607 [INFO] ๐ ฤรฃ ฤรณng kแบฟt nแปi DB
2025-10-31 08:30:02,887 [INFO] โ HNX30 -> refPoint=582.78
2025-10-31 08:30:02,889 [INFO] โ UPCOMINDEX -> refPoint=113.31
2025-10-31 08:30:02,890 [INFO] โ HNXINDEX -> refPoint=266.96
2025-10-31 08:30:02,891 [INFO] โ Hoรn thรnh tแบกo file refpoint.py.
2025-10-31 08:30:02,892 [INFO] ๐ ฤรฃ ฤรณng kแบฟt nแปi DB
2025-11-01 08:30:02,610 [INFO] โ HNX30 -> refPoint=573.22
2025-11-01 08:30:02,610 [INFO] โ UPCOMINDEX -> refPoint=113.22
2025-11-01 08:30:02,612 [INFO] โ HNXINDEX -> refPoint=265.85
2025-11-01 08:30:02,613 [INFO] โ Hoรn thรnh tแบกo file refpoint.py.
2025-11-01 08:30:02,613 [INFO] ๐ ฤรฃ ฤรณng kแบฟt nแปi DB
2025-11-02 08:30:02,071 [INFO] โ HNX30 -> refPoint=573.22
2025-11-02 08:30:02,082 [INFO] โ HNXINDEX -> refPoint=265.85
2025-11-02 08:30:02,090 [INFO] โ UPCOMINDEX -> refPoint=113.22
2025-11-02 08:30:02,092 [INFO] โ Hoรn thรnh tแบกo file refpoint.py.
2025-11-02 08:30:02,092 [INFO] ๐ ฤรฃ ฤรณng kแบฟt nแปi DB
2025-11-03 08:30:02,776 [INFO] โ HNX30 -> refPoint=573.22
2025-11-03 08:30:02,815 [INFO] โ UPCOMINDEX -> refPoint=113.22
2025-11-03 08:30:02,817 [INFO] โ HNXINDEX -> refPoint=265.85
2025-11-03 08:30:02,818 [INFO] โ Hoรn thรnh tแบกo file refpoint.py.
2025-11-03 08:30:02,818 [INFO] ๐ ฤรฃ ฤรณng kแบฟt nแปi DB
2025-11-04 08:30:02,075 [INFO] โ HNX30 -> refPoint=550.34
2025-11-04 08:30:02,086 [INFO] โ UPCOMINDEX -> refPoint=114.84
2025-11-04 08:30:02,091 [INFO] โ HNXINDEX -> refPoint=259.18
2025-11-04 08:30:02,092 [INFO] โ Hoรn thรnh tแบกo file refpoint.py.
2025-11-04 08:30:02,092 [INFO] ๐ ฤรฃ ฤรณng kแบฟt nแปi DB
2025-11-05 08:30:02,812 [INFO] โ HNX30 -> refPoint=547.04
2025-11-05 08:30:02,813 [INFO] โ UPCOMINDEX -> refPoint=116.08
2025-11-05 08:30:02,818 [INFO] โ HNXINDEX -> refPoint=265.91
2025-11-05 08:30:02,819 [INFO] โ Hoรn thรnh tแบกo file refpoint.py.
2025-11-05 08:30:02,820 [INFO] ๐ ฤรฃ ฤรณng kแบฟt nแปi DB
2025-11-06 08:30:02,626 [INFO] โ HNX30 -> refPoint=575.73
2025-11-06 08:30:02,630 [INFO] โ HNXINDEX -> refPoint=266.7
2025-11-06 08:30:02,637 [INFO] โ UPCOMINDEX -> refPoint=116.36
2025-11-06 08:30:02,638 [INFO] โ Hoรn thรnh tแบกo file refpoint.py.
2025-11-06 08:30:02,639 [INFO] ๐ ฤรฃ ฤรณng kแบฟt nแปi DB
2025-11-07 08:30:02,292 [INFO] โ HNX30 -> refPoint=575.73
2025-11-07 08:30:02,300 [INFO] โ UPCOMINDEX -> refPoint=115.23
2025-11-07 08:30:02,306 [INFO] โ HNXINDEX -> refPoint=266.15
2025-11-07 08:30:02,307 [INFO] โ Hoรn thรnh tแบกo file refpoint.py.
2025-11-07 08:30:02,308 [INFO] ๐ ฤรฃ ฤรณng kแบฟt nแปi DB
2025-11-08 08:30:02,133 [INFO] โ HNX30 -> refPoint=558.85
2025-11-08 08:30:02,138 [INFO] โ HNXINDEX -> refPoint=260.11
2025-11-08 08:30:02,145 [INFO] โ UPCOMINDEX -> refPoint=116.59
2025-11-08 08:30:02,146 [INFO] โ Hoรn thรnh tแบกo file refpoint.py.
2025-11-08 08:30:02,146 [INFO] ๐ ฤรฃ ฤรณng kแบฟt nแปi DB
2025-11-09 08:30:02,893 [INFO] โ HNXINDEX -> refPoint=260.11
2025-11-09 08:30:02,894 [INFO] โ HNX30 -> refPoint=558.85
2025-11-09 08:30:02,895 [INFO] โ UPCOMINDEX -> refPoint=116.59
2025-11-09 08:30:02,897 [INFO] โ Hoรn thรnh tแบกo file refpoint.py.
2025-11-09 08:30:02,898 [INFO] ๐ ฤรฃ ฤรณng kแบฟt nแปi DB
2025-11-10 08:30:02,543 [INFO] โ HNXINDEX -> refPoint=260.11
2025-11-10 08:30:02,544 [INFO] โ UPCOMINDEX -> refPoint=116.59
2025-11-10 08:30:02,545 [INFO] โ HNX30 -> refPoint=558.85
2025-11-10 08:30:02,546 [INFO] โ Hoรn thรnh tแบกo file refpoint.py.
2025-11-10 08:30:02,546 [INFO] ๐ ฤรฃ ฤรณng kแบฟt nแปi DB
2025-11-11 08:30:02,582 [INFO] โ HNX30 -> refPoint=554.31
2025-11-11 08:30:02,583 [INFO] โ UPCOMINDEX -> refPoint=117.28
2025-11-11 08:30:02,587 [INFO] โ HNXINDEX -> refPoint=258.18
2025-11-11 08:30:02,588 [INFO] โ Hoรn thรnh tแบกo file refpoint.py.
2025-11-11 08:30:02,588 [INFO] ๐ ฤรฃ ฤรณng kแบฟt nแปi DB
2025-11-18 08:30:02,569 [INFO] โ HNXINDEX -> refPoint=261.08
2025-11-18 08:30:02,573 [INFO] โ HNX30 -> refPoint=565.22
2025-11-18 08:30:02,582 [INFO] โ UPCOMINDEX -> refPoint=117.97
2025-11-18 08:30:02,583 [INFO] โ Hoรn thรnh tแบกo file refpoint.py.
2025-11-18 08:30:02,584 [INFO] ๐ ฤรฃ ฤรณng kแบฟt nแปi DB
2025-11-19 08:30:02,258 [INFO] โ HNXINDEX -> refPoint=267.36
2025-11-19 08:30:02,259 [INFO] โ HNX30 -> refPoint=588.56
2025-11-19 08:30:02,260 [INFO] โ UPCOMINDEX -> refPoint=119.85
2025-11-19 08:30:02,262 [INFO] โ Hoรn thรnh tแบกo file refpoint.py.
2025-11-19 08:30:02,262 [INFO] ๐ ฤรฃ ฤรณng kแบฟt nแปi DB
